Using pre-set license
Built from '2021.3/release' branch; Version is '2021.3.12f1 (8af3c3e441b1) revision 9106371'; Using compiler version '192829333'; Build Type 'Release'
OS: 'Windows 10  (10.0.19045) 64bit CoreSingleLanguage' Language: 'en' Physical Memory: 16251 MB
BatchMode: 1, IsHumanControllingUs: 0, StartBugReporterOnCrash: 0, Is64bit: 1, IsPro: 1

COMMAND LINE ARGUMENTS:
C:\Program Files\Unity\Hub\Editor\2021.3.12f1\Editor\Unity.exe
-adb2
-batchMode
-noUpm
-name
AssetImportWorker0
-projectPath
C:/Kuliah semester 5/Pem. game/udemy from kartika/Udemy FPS
-logFile
Logs/AssetImportWorker0.log
-srvPort
61184
Successfully changed project path to: C:/Kuliah semester 5/Pem. game/udemy from kartika/Udemy FPS
C:/Kuliah semester 5/Pem. game/udemy from kartika/Udemy FPS
[UnityMemory] Configuration Parameters - Can be set up in boot.config
    "memorysetup-bucket-allocator-granularity=16"
    "memorysetup-bucket-allocator-bucket-count=8"
    "memorysetup-bucket-allocator-block-size=33554432"
    "memorysetup-bucket-allocator-block-count=8"
    "memorysetup-main-allocator-block-size=16777216"
    "memorysetup-thread-allocator-block-size=16777216"
    "memorysetup-gfx-main-allocator-block-size=16777216"
    "memorysetup-gfx-thread-allocator-block-size=16777216"
    "memorysetup-cache-allocator-block-size=4194304"
    "memorysetup-typetree-allocator-block-size=2097152"
    "memorysetup-profiler-bucket-allocator-granularity=16"
    "memorysetup-profiler-bucket-allocator-bucket-count=8"
    "memorysetup-profiler-bucket-allocator-block-size=33554432"
    "memorysetup-profiler-bucket-allocator-block-count=8"
    "memorysetup-profiler-allocator-block-size=16777216"
    "memorysetup-profiler-editor-allocator-block-size=1048576"
    "memorysetup-temp-allocator-size-main=16777216"
    "memorysetup-job-temp-allocator-block-size=2097152"
    "memorysetup-job-temp-allocator-block-size-background=1048576"
    "memorysetup-job-temp-allocator-reduction-small-platforms=262144"
    "memorysetup-temp-allocator-size-background-worker=32768"
    "memorysetup-temp-allocator-size-job-worker=262144"
    "memorysetup-temp-allocator-size-preload-manager=33554432"
    "memorysetup-temp-allocator-size-nav-mesh-worker=65536"
    "memorysetup-temp-allocator-size-audio-worker=65536"
    "memorysetup-temp-allocator-size-cloud-worker=32768"
    "memorysetup-temp-allocator-size-gi-baking-worker=262144"
    "memorysetup-temp-allocator-size-gfx=262144"
Refreshing native plugins compatible for Editor in 29.47 ms, found 2 plugins.
Preloading 0 native plugins for Editor in 0.00 ms.
Initialize engine version: 2021.3.12f1 (8af3c3e441b1)
[Subsystems] Discovering subsystems at path C:/Program Files/Unity/Hub/Editor/2021.3.12f1/Editor/Data/Resources/UnitySubsystems
[Subsystems] Discovering subsystems at path C:/Kuliah semester 5/Pem. game/udemy from kartika/Udemy FPS/Assets
GfxDevice: creating device client; threaded=0; jobified=0
Direct3D:
    Version:  Direct3D 11.0 [level 11.1]
    Renderer: NVIDIA GeForce GTX 1650 Ti (ID=0x1f95)
    Vendor:   NVIDIA
    VRAM:     3962 MB
    Driver:   30.0.14.7168
Initialize mono
Mono path[0] = 'C:/Program Files/Unity/Hub/Editor/2021.3.12f1/Editor/Data/Managed'
Mono path[1] = 'C:/Program Files/Unity/Hub/Editor/2021.3.12f1/Editor/Data/MonoBleedingEdge/lib/mono/unityjit-win32'
Mono config path = 'C:/Program Files/Unity/Hub/Editor/2021.3.12f1/Editor/Data/MonoBleedingEdge/etc'
Using monoOptions --debugger-agent=transport=dt_socket,embedding=1,server=y,suspend=n,address=127.0.0.1:56264
Begin MonoManager ReloadAssembly
Registering precompiled unity dll's ...
Register platform support module: C:/Program Files/Unity/Hub/Editor/2021.3.12f1/Editor/Data/PlaybackEngines/WebGLSupport/UnityEditor.WebGL.Extensions.dll
Register platform support module: C:/Program Files/Unity/Hub/Editor/2021.3.12f1/Editor/Data/PlaybackEngines/WindowsStandaloneSupport/UnityEditor.WindowsStandalone.Extensions.dll
Registered in 0.006843 seconds.
Native extension for WindowsStandalone target not found
Native extension for WebGL target not found
Refreshing native plugins compatible for Editor in 29.87 ms, found 2 plugins.
Preloading 0 native plugins for Editor in 0.00 ms.
Mono: successfully reloaded assembly
- Completed reload, in  0.534 seconds
Domain Reload Profiling:
	ReloadAssembly (534ms)
		BeginReloadAssembly (66ms)
			ExecutionOrderSort (0ms)
			DisableScriptedObjects (0ms)
			BackupInstance (0ms)
			ReleaseScriptingObjects (0ms)
			CreateAndSetChildDomain (1ms)
		EndReloadAssembly (361ms)
			LoadAssemblies (65ms)
			RebuildTransferFunctionScriptingTraits (0ms)
			SetupTypeCache (100ms)
			ReleaseScriptCaches (0ms)
			RebuildScriptCaches (24ms)
			SetupLoadedEditorAssemblies (186ms)
				LogAssemblyErrors (0ms)
				InitializePlatformSupportModulesInManaged (8ms)
				SetLoadedEditorAssemblies (0ms)
				RefreshPlugins (30ms)
				BeforeProcessingInitializeOnLoad (1ms)
				ProcessInitializeOnLoadAttributes (106ms)
				ProcessInitializeOnLoadMethodAttributes (41ms)
				AfterProcessingInitializeOnLoad (0ms)
				EditorAssembliesLoaded (0ms)
			ExecutionOrderSort2 (0ms)
			AwakeInstancesAfterBackupRestoration (0ms)
Platform modules already initialized, skipping
Registering precompiled user dll's ...
Registered in 0.002535 seconds.
Begin MonoManager ReloadAssembly
Native extension for WindowsStandalone target not found
Native extension for WebGL target not found
Refreshing native plugins compatible for Editor in 0.38 ms, found 2 plugins.
Preloading 0 native plugins for Editor in 0.00 ms.
Mono: successfully reloaded assembly
- Completed reload, in  0.792 seconds
Domain Reload Profiling:
	ReloadAssembly (792ms)
		BeginReloadAssembly (100ms)
			ExecutionOrderSort (0ms)
			DisableScriptedObjects (5ms)
			BackupInstance (0ms)
			ReleaseScriptingObjects (0ms)
			CreateAndSetChildDomain (20ms)
		EndReloadAssembly (590ms)
			LoadAssemblies (61ms)
			RebuildTransferFunctionScriptingTraits (0ms)
			SetupTypeCache (169ms)
			ReleaseScriptCaches (0ms)
			RebuildScriptCaches (46ms)
			SetupLoadedEditorAssemblies (276ms)
				LogAssemblyErrors (0ms)
				InitializePlatformSupportModulesInManaged (6ms)
				SetLoadedEditorAssemblies (0ms)
				RefreshPlugins (0ms)
				BeforeProcessingInitializeOnLoad (50ms)
				ProcessInitializeOnLoadAttributes (187ms)
				ProcessInitializeOnLoadMethodAttributes (25ms)
				AfterProcessingInitializeOnLoad (6ms)
				EditorAssembliesLoaded (0ms)
			ExecutionOrderSort2 (0ms)
			AwakeInstancesAfterBackupRestoration (5ms)
Platform modules already initialized, skipping
========================================================================
Worker process is ready to serve import requests
Launched and connected shader compiler UnityShaderCompiler.exe after 0.04 seconds
Refreshing native plugins compatible for Editor in 0.48 ms, found 2 plugins.
Preloading 0 native plugins for Editor in 0.00 ms.
Unloading 1802 Unused Serialized files (Serialized files now loaded: 0)
Unloading 31 unused Assets / (1.3 MB). Loaded Objects now: 2259.
Memory consumption went from 82.8 MB to 81.6 MB.
Total: 2.465600 ms (FindLiveObjects: 0.149000 ms CreateObjectMapping: 0.076900 ms MarkObjects: 1.983300 ms  DeleteObjects: 0.255600 ms)

AssetImportParameters requested are different than current active one (requested -> active):
  custom:video-decoder-ogg-theora: a1e56fd34408186e4bbccfd4996cb3dc -> 
  custom:container-muxer-webm: aa71ff27fc2769a1b78a27578f13a17b -> 
  custom:container-demuxer-webm: 4f35f7cbe854078d1ac9338744f61a02 -> 
  custom:video-encoder-webm-vp8: eb34c28f22e8b96e1ab97ce403110664 -> 
  custom:video-codec-MediaFoundation-h265: 746d11721c4dcdbdad8f713fa42b33f4 -> 
  custom:audio-encoder-webm-vorbis: bf7c407c2cedff20999df2af8eb42d56 -> 
  custom:framework-win-MediaFoundation: 216162199b28c13a410421893ffa2e32 -> 
  custom:container-demuxer-ogg: 62fdf1f143b41e24485cea50d1cbac27 -> 
  custom:video-decoder-webm-vp8: 9c59270c3fd7afecdb556c50c9e8de78 -> 
  custom:audio-decoder-ogg-vorbis: bf7c407c2cedff20999df2af8eb42d56 -> 
========================================================================
Received Import Request.
  Time since last request: 342559.315012 seconds.
  path: Assets/Udemy FPS Assets/Models/Environment/Kenney Scifi Pack/Base Models - Kenney Space Kit/Models/Textures/astronaut.png
  artifactKey: Guid(92d1f1ce7140a9a468511d1bcc3edf10) Importer(815301076,1909f56bfc062723c751e8b465ee728b)
Start importing Assets/Udemy FPS Assets/Models/Environment/Kenney Scifi Pack/Base Models - Kenney Space Kit/Models/Textures/astronaut.png using Guid(92d1f1ce7140a9a468511d1bcc3edf10) Importer(815301076,1909f56bfc062723c751e8b465ee728b)  -> (artifact id: 'ef67237ed6bdc2b4b150c0d182afd42f') in 0.074000 seconds 
========================================================================
Received Import Request.
  Time since last request: 0.000013 seconds.
  path: Assets/Udemy FPS Assets/Models/Environment/Kenney Scifi Pack/Base Models - Kenney Space Kit/Models/Textures/alien.png
  artifactKey: Guid(f322f5211d361fb4c838067bc1a000c7) Importer(815301076,1909f56bfc062723c751e8b465ee728b)
Start importing Assets/Udemy FPS Assets/Models/Environment/Kenney Scifi Pack/Base Models - Kenney Space Kit/Models/Textures/alien.png using Guid(f322f5211d361fb4c838067bc1a000c7) Importer(815301076,1909f56bfc062723c751e8b465ee728b)  -> (artifact id: '80fc4893e1de1b867de3f2dc40f6b975') in 0.005760 seconds 
========================================================================
Received Import Request.
  Time since last request: 0.000016 seconds.
  path: Assets/Udemy FPS Assets/Models/Environment/Kenney Scifi Pack/Base Models - Kenney Space Kit/Models/Textures/net.png
  artifactKey: Guid(55fabb95ed423bc498332b0729a83695) Importer(815301076,1909f56bfc062723c751e8b465ee728b)
Start importing Assets/Udemy FPS Assets/Models/Environment/Kenney Scifi Pack/Base Models - Kenney Space Kit/Models/Textures/net.png using Guid(55fabb95ed423bc498332b0729a83695) Importer(815301076,1909f56bfc062723c751e8b465ee728b)  -> (artifact id: '192801f6dfb1e3c0ce288abedc0c58fa') in 0.005982 seconds 
========================================================================
Received Import Request.
  Time since last request: 48.655649 seconds.
  path: Assets/Udemy FPS Assets/Models/Environment/Kenney Scifi Pack/Base Models - Kenney Space Kit/Models/Materials/rock.mat
  artifactKey: Guid(f132ac980987333419dcdb8e5faea365) Importer(815301076,1909f56bfc062723c751e8b465ee728b)
Start importing Assets/Udemy FPS Assets/Models/Environment/Kenney Scifi Pack/Base Models - Kenney Space Kit/Models/Materials/rock.mat using Guid(f132ac980987333419dcdb8e5faea365) Importer(815301076,1909f56bfc062723c751e8b465ee728b)  -> (artifact id: '5a0a80550eb965f2a9012491d0a2482e') in 0.090251 seconds 
========================================================================
Received Import Request.
  Time since last request: 124.596048 seconds.
  path: Assets/Scenes/Level2.unity
  artifactKey: Guid(27ea927980a106d4d9582345fe7a07c1) Importer(815301076,1909f56bfc062723c751e8b465ee728b)
Start importing Assets/Scenes/Level2.unity using Guid(27ea927980a106d4d9582345fe7a07c1) Importer(815301076,1909f56bfc062723c751e8b465ee728b)  -> (artifact id: '7909058322ec874bdd9e8722905965ff') in 0.001215 seconds 
========================================================================
Received Import Request.
  Time since last request: 8.316452 seconds.
  path: Assets/Scenes/Level1.unity
  artifactKey: Guid(11ce77697d2bbb94fbd9fedccf42d847) Importer(815301076,1909f56bfc062723c751e8b465ee728b)
Start importing Assets/Scenes/Level1.unity using Guid(11ce77697d2bbb94fbd9fedccf42d847) Importer(815301076,1909f56bfc062723c751e8b465ee728b)  -> (artifact id: '2e366efba7415b8838273c58afca5740') in 0.001403 seconds 
========================================================================
Received Import Request.
  Time since last request: 38.282221 seconds.
  path: Assets/Scenes/Level 3.unity
  artifactKey: Guid(ceab744d3e3f3fb4db0ef1990a730be5) Importer(815301076,1909f56bfc062723c751e8b465ee728b)
Start importing Assets/Scenes/Level 3.unity using Guid(ceab744d3e3f3fb4db0ef1990a730be5) Importer(815301076,1909f56bfc062723c751e8b465ee728b)  -> (artifact id: 'b6272a4d8a8e9ae6b99529f9f38e6c68') in 0.001134 seconds 
========================================================================
Received Import Request.
  Time since last request: 8.014804 seconds.
  path: Assets/Scenes/Level3.unity
  artifactKey: Guid(ceab744d3e3f3fb4db0ef1990a730be5) Importer(815301076,1909f56bfc062723c751e8b465ee728b)
Start importing Assets/Scenes/Level3.unity using Guid(ceab744d3e3f3fb4db0ef1990a730be5) Importer(815301076,1909f56bfc062723c751e8b465ee728b)  -> (artifact id: '9ae8449bdb958eb520c25ca0df020a51') in 0.001396 seconds 
========================================================================
Received Import Request.
  Time since last request: 71.731432 seconds.
  path: Assets/Scenes/Level1.unity
  artifactKey: Guid(11ce77697d2bbb94fbd9fedccf42d847) Importer(815301076,1909f56bfc062723c751e8b465ee728b)
Start importing Assets/Scenes/Level1.unity using Guid(11ce77697d2bbb94fbd9fedccf42d847) Importer(815301076,1909f56bfc062723c751e8b465ee728b)  -> (artifact id: 'f621f93f228438fff31afe822e4bd555') in 0.001047 seconds 
========================================================================
Received Import Request.
  Time since last request: 394.928123 seconds.
  path: Assets/AlienRavager-0WYod.ttf
  artifactKey: Guid(4b09b19d21dde3d46804a475c5efbd76) Importer(815301076,1909f56bfc062723c751e8b465ee728b)
Start importing Assets/AlienRavager-0WYod.ttf using Guid(4b09b19d21dde3d46804a475c5efbd76) Importer(815301076,1909f56bfc062723c751e8b465ee728b)  -> (artifact id: '8f49189fb6e0941ebb26d27b3bf934c6') in 0.022389 seconds 
========================================================================
Received Import Request.
  Time since last request: 0.000019 seconds.
  path: Assets/RobotInvaders-d9VmR.ttf
  artifactKey: Guid(73b8994d366a7214885728cd80960eaa) Importer(815301076,1909f56bfc062723c751e8b465ee728b)
Start importing Assets/RobotInvaders-d9VmR.ttf using Guid(73b8994d366a7214885728cd80960eaa) Importer(815301076,1909f56bfc062723c751e8b465ee728b)  -> (artifact id: '2ee014cbd9d3a362c23b1f6b438783a6') in 0.007512 seconds 
========================================================================
Received Import Request.
  Time since last request: 0.000026 seconds.
  path: Assets/RobotInvadersItalic-7BvnV.ttf
  artifactKey: Guid(e817da76c9a7ec045bd1123b8f6bda8a) Importer(815301076,1909f56bfc062723c751e8b465ee728b)
Start importing Assets/RobotInvadersItalic-7BvnV.ttf using Guid(e817da76c9a7ec045bd1123b8f6bda8a) Importer(815301076,1909f56bfc062723c751e8b465ee728b)  -> (artifact id: 'bc35efee2f46d94354e72111abb24a6f') in 0.010774 seconds 
========================================================================
Received Import Request.
  Time since last request: 0.000025 seconds.
  path: Assets/AlienRavagerItalic-4B214.ttf
  artifactKey: Guid(3c2620e0f5e15ff4ba23455347064fd7) Importer(815301076,1909f56bfc062723c751e8b465ee728b)
Start importing Assets/AlienRavagerItalic-4B214.ttf using Guid(3c2620e0f5e15ff4ba23455347064fd7) Importer(815301076,1909f56bfc062723c751e8b465ee728b)  -> (artifact id: '52b24eb2f8e196e8c6786a95bfd3a1c2') in 0.010611 seconds 
========================================================================
Received Import Request.
  Time since last request: 277.565124 seconds.
  path: Assets/Scenes/MainMenu.unity
  artifactKey: Guid(edd26291e16eb494d8913d07de8fba00) Importer(815301076,1909f56bfc062723c751e8b465ee728b)
Start importing Assets/Scenes/MainMenu.unity using Guid(edd26291e16eb494d8913d07de8fba00) Importer(815301076,1909f56bfc062723c751e8b465ee728b)  -> (artifact id: 'fbb2952f370709cf7ee4fb84db1b36d4') in 0.001127 seconds 
========================================================================
Received Import Request.
  Time since last request: 12.205532 seconds.
  path: Assets/Scenes/Level2.unity
  artifactKey: Guid(27ea927980a106d4d9582345fe7a07c1) Importer(815301076,1909f56bfc062723c751e8b465ee728b)
Start importing Assets/Scenes/Level2.unity using Guid(27ea927980a106d4d9582345fe7a07c1) Importer(815301076,1909f56bfc062723c751e8b465ee728b)  -> (artifact id: '2a6e5c5adbbf7c8ae014f913341f990a') in 0.000990 seconds 
========================================================================
Received Import Request.
  Time since last request: 1.320568 seconds.
  path: Assets/Scenes/Level2Settings.lighting
  artifactKey: Guid(304bdca52211b9e44a027e233d528a2b) Importer(815301076,1909f56bfc062723c751e8b465ee728b)
Start importing Assets/Scenes/Level2Settings.lighting using Guid(304bdca52211b9e44a027e233d528a2b) Importer(815301076,1909f56bfc062723c751e8b465ee728b)  -> (artifact id: '01f825db314c7f30294f26f9068d8f34') in 0.004913 seconds 
========================================================================
Received Import Request.
  Time since last request: 1.713239 seconds.
  path: Assets/Scenes/Level3.unity
  artifactKey: Guid(ceab744d3e3f3fb4db0ef1990a730be5) Importer(815301076,1909f56bfc062723c751e8b465ee728b)
Start importing Assets/Scenes/Level3.unity using Guid(ceab744d3e3f3fb4db0ef1990a730be5) Importer(815301076,1909f56bfc062723c751e8b465ee728b)  -> (artifact id: 'a291d4f38856ea2777861f6f9094b8ac') in 0.001089 seconds 
========================================================================
Received Import Request.
  Time since last request: 1.954893 seconds.
  path: Assets/Scenes/Level1Settings.lighting
  artifactKey: Guid(1f239fa116bf3714ab51d82a7a0f83f6) Importer(815301076,1909f56bfc062723c751e8b465ee728b)
Start importing Assets/Scenes/Level1Settings.lighting using Guid(1f239fa116bf3714ab51d82a7a0f83f6) Importer(815301076,1909f56bfc062723c751e8b465ee728b)  -> (artifact id: '7641ec07a7b9344eb498956f92a78ca9') in 0.002582 seconds 
========================================================================
Received Import Request.
  Time since last request: 79.596576 seconds.
  path: Assets/Scenes/MainMenu.unity
  artifactKey: Guid(edd26291e16eb494d8913d07de8fba00) Importer(815301076,1909f56bfc062723c751e8b465ee728b)
Start importing Assets/Scenes/MainMenu.unity using Guid(edd26291e16eb494d8913d07de8fba00) Importer(815301076,1909f56bfc062723c751e8b465ee728b)  -> (artifact id: 'c6cc4a0ea80bfb23e694feab4f136d1e') in 0.000987 seconds 
========================================================================
Received Import Request.
  Time since last request: 1198.780997 seconds.
  path: Assets/FontsFree-Net-Dream-Avenue.ttf
  artifactKey: Guid(8c052a4d5d2846b48afdd309cd2cd04f) Importer(815301076,1909f56bfc062723c751e8b465ee728b)
Start importing Assets/FontsFree-Net-Dream-Avenue.ttf using Guid(8c052a4d5d2846b48afdd309cd2cd04f) Importer(815301076,1909f56bfc062723c751e8b465ee728b)  -> (artifact id: 'bc3bd4a844aaec013c1fe7197f3d1b15') in 0.018899 seconds 
========================================================================
Received Import Request.
  Time since last request: 301.869688 seconds.
  path: Assets/Scenes/GameComplete.unity
  artifactKey: Guid(0077c81d133d6b34b85f31214263a296) Importer(815301076,1909f56bfc062723c751e8b465ee728b)
Start importing Assets/Scenes/GameComplete.unity using Guid(0077c81d133d6b34b85f31214263a296) Importer(815301076,1909f56bfc062723c751e8b465ee728b)  -> (artifact id: '27a8def79d1d209bf076c4293946b9a9') in 0.001223 seconds 
